<?xml version="1.0" encoding="UTF-8"?>
<!-- Generated by org.testng.reporters.JUnitReportReporter -->
<testsuite hostname="Pushp-Samsung-PC" failures="0" tests="3" name="DemoCucumber.TestNG.Login_Facebook" time="4.620" errors="0" timestamp="2024-03-27T15:41:16 CDT" skipped="0">
  <testcase classname="DemoCucumber.TestNG.Login_Facebook" name="logIn" time="1.451"/>
  <system-out/>
  <testcase classname="DemoCucumber.TestNG.Login_Facebook" name="changePassword" time="1.984"/>
  <system-out/>
  <testcase classname="DemoCucumber.TestNG.Login_Facebook" name="logOut" time="1.185"/>
  <system-out/>
</testsuite> <!-- DemoCucumber.TestNG.Login_Facebook -->
