<?xml version="1.0" encoding="UTF-8"?>
<!-- Generated by org.testng.reporters.JUnitReportReporter -->
<testsuite hostname="Pushp-Samsung-PC" failures="0" tests="3" name="DemoCucumber.TestNG.Login_OrangeHRM" time="4.165" errors="0" timestamp="2024-03-27T16:24:15 CDT" skipped="0">
  <testcase classname="DemoCucumber.TestNG.Login_OrangeHRM" name="logIn" time="1.552"/>
  <system-out/>
  <testcase classname="DemoCucumber.TestNG.Login_OrangeHRM" name="changePassword" time="1.632"/>
  <system-out/>
  <testcase classname="DemoCucumber.TestNG.Login_OrangeHRM" name="logOut" time="0.981"/>
  <system-out/>
</testsuite> <!-- DemoCucumber.TestNG.Login_OrangeHRM -->
