<?xml version="1.0" encoding="UTF-8"?>
<!-- Generated by org.testng.reporters.JUnitReportReporter -->
<testsuite hostname="Pushp-Samsung-PC" failures="0" tests="1" name="DemoCucumber.TestNG.demoTableVerification" time="1.326" errors="0" timestamp="2024-03-06T19:31:32 CST" skipped="0">
  <testcase classname="DemoCucumber.TestNG.demoTableVerification" name="view_myProfile" time="1.326"/>
</testsuite> <!-- DemoCucumber.TestNG.demoTableVerification -->
